
ALTER TABLE `la_dev_model_relation` 
ADD COLUMN `order_by` varchar(255) NOT NULL DEFAULT '' COMMENT '关联数据排序方式' AFTER `filter`;

ALTER TABLE `la_setting` 
ADD COLUMN `app_name` varchar(255) NOT NULL DEFAULT '' COMMENT '项目名称' AFTER `value`;

ALTER TABLE `la_dev_model` 
ADD COLUMN `unique_fields` varchar(255) NOT NULL DEFAULT '' COMMENT '模型的唯一索引字段' AFTER `search_columns`,
ADD COLUMN `setting` text NULL COMMENT '其它设置都放这' AFTER `unique_fields`;

ALTER TABLE `la_perm_role` 
ADD COLUMN `displayorder` int NOT NULL DEFAULT 0 AFTER `deleted_at`;

2023-10-31

ALTER TABLE `la_dev_menu` 
ADD COLUMN `setting` text NULL COMMENT '其它设置都放这' AFTER `deleteable`;

2023-11-10

ALTER TABLE `la_perm_role` ADD COLUMN `sync_user`  int(11) NOT NULL DEFAULT 0 COMMENT '同步用户';


2023-11-22
ALTER TABLE `echoyl`.`la_dev_model_relation` 
MODIFY COLUMN `select_columns` varchar(500) CHARACTER SET utf8mb4 COLLATE utf8mb4_general_ci NOT NULL DEFAULT '' COMMENT '关联模型包含字段 可以包含多级' AFTER `is_with`;

2023-12-02

ALTER TABLE `la_wechat_offiaccount_account`
 ADD COLUMN `subscribe_reply`  varchar(255) NOT NULL DEFAULT '' COMMENT '关注时回复',
 ADD COLUMN `auto_reply`  varchar(255) NOT NULL DEFAULT '' COMMENT '自动回复';

2024-03-27
CREATE TABLE `la_socket_log` (
  `id` int NOT NULL AUTO_INCREMENT,
  `user_id` int NOT NULL DEFAULT '0',
  `client_id` varchar(255) COLLATE utf8mb4_general_ci NOT NULL DEFAULT '',
  `created_at` datetime DEFAULT NULL,
  `updated_at` datetime DEFAULT NULL,
  `state` int DEFAULT '0',
  `token_id` int NOT NULL DEFAULT '0',
  PRIMARY KEY (`id`)
) ENGINE=InnoDB AUTO_INCREMENT=1 DEFAULT CHARSET=utf8mb4 COLLATE=utf8mb4_general_ci;

2024-04-02
CREATE TABLE `la_wechat_offiaccount_admin` (
  `id` int NOT NULL AUTO_INCREMENT COMMENT 'id',
  `state` int NOT NULL DEFAULT '1' COMMENT '状态',
  `user_id` int NOT NULL DEFAULT '0' COMMENT '后台用户id',
  `updated_at` datetime DEFAULT NULL,
  `created_at` datetime DEFAULT NULL,
  `displayorder` int NOT NULL DEFAULT '0' COMMENT '排序权重',
  `openid` varchar(255) COLLATE utf8mb4_general_ci NOT NULL DEFAULT '' COMMENT 'openid',
  PRIMARY KEY (`id`)
) ENGINE=MyISAM AUTO_INCREMENT=3 DEFAULT CHARSET=utf8mb4 COLLATE=utf8mb4_general_ci;

2024-05-30
CREATE TABLE `la_locale_category` (
  `id` int NOT NULL AUTO_INCREMENT COMMENT 'id',
  `title` varchar(255) COLLATE utf8mb4_general_ci NOT NULL DEFAULT '' COMMENT '名称',
  `titlepic` varchar(255) COLLATE utf8mb4_general_ci NOT NULL DEFAULT '' COMMENT '图片',
  `desc` varchar(255) COLLATE utf8mb4_general_ci NOT NULL DEFAULT '' COMMENT '描述',
  `state` int NOT NULL DEFAULT '1' COMMENT '状态',
  `updated_at` datetime DEFAULT NULL,
  `created_at` datetime DEFAULT NULL,
  `displayorder` int NOT NULL DEFAULT '0' COMMENT '排序权重',
  `name` varchar(255) COLLATE utf8mb4_general_ci NOT NULL DEFAULT '' COMMENT '标识',
  PRIMARY KEY (`id`)
) ENGINE=MyISAM AUTO_INCREMENT=4 DEFAULT CHARSET=utf8mb4 COLLATE=utf8mb4_general_ci;
CREATE TABLE `la_locale_config` (
  `id` int NOT NULL AUTO_INCREMENT COMMENT 'id',
  `title` varchar(255) COLLATE utf8mb4_general_ci NOT NULL DEFAULT '' COMMENT '名称',
  `desc` varchar(255) COLLATE utf8mb4_general_ci NOT NULL DEFAULT '' COMMENT '描述',
  `parent_id` int NOT NULL DEFAULT '0' COMMENT '上级Id',
  `state` int NOT NULL DEFAULT '1' COMMENT '状态',
  `key` varchar(255) COLLATE utf8mb4_general_ci NOT NULL DEFAULT '' COMMENT '键值',
  `message` varchar(255) COLLATE utf8mb4_general_ci NOT NULL DEFAULT '' COMMENT '内容',
  `category_id` int NOT NULL DEFAULT '0' COMMENT '分类',
  `updated_at` datetime DEFAULT NULL,
  `created_at` datetime DEFAULT NULL,
  `displayorder` int NOT NULL DEFAULT '0' COMMENT '排序权重',
  PRIMARY KEY (`id`)
) ENGINE=MyISAM AUTO_INCREMENT=19 DEFAULT CHARSET=utf8mb4 COLLATE=utf8mb4_general_ci;

2024-07-15
ALTER TABLE `la_sms_log` 
MODIFY COLUMN `mobile` varchar(200) CHARACTER SET utf8mb4 COLLATE utf8mb4_general_ci NOT NULL DEFAULT '' COMMENT '发送验证码的手机或邮箱地址' AFTER `id`;

2024-09-19
ALTER TABLE `la_perm_log`
 ADD COLUMN `updated_at`  datetime DEFAULT NULL COMMENT '最后更新时间',
 ADD COLUMN `displayorder`  int(11) NOT NULL DEFAULT 0 COMMENT '排序值',
 ADD COLUMN `desc`  text NULL COMMENT '备注',
 ADD COLUMN `ipaddr`  varchar(255) NOT NULL DEFAULT '' COMMENT '归属地';

2025-01-23
ALTER TABLE `la_dev_model_relation` 
ADD COLUMN `setting` text NULL COMMENT '其它设置放在这里，之后不再新增字段' AFTER `order_by`;

2025-02-20
CREATE TABLE `la_wechat_offiaccount_template` (
  `appid` varchar(255) COLLATE utf8mb4_general_ci NOT NULL DEFAULT '' COMMENT '所属公众号ID',
  `content` text COLLATE utf8mb4_general_ci COMMENT '模板内容',
  `created_at` datetime DEFAULT NULL COMMENT '生成时间',
  `deputy_industry` varchar(255) COLLATE utf8mb4_general_ci NOT NULL DEFAULT '' COMMENT '二级类目',
  `displayorder` int NOT NULL DEFAULT '0' COMMENT '排序值',
  `example` text COLLATE utf8mb4_general_ci COMMENT '模板示例',
  `id` int NOT NULL AUTO_INCREMENT COMMENT 'id',
  `primary_industry` varchar(255) COLLATE utf8mb4_general_ci NOT NULL DEFAULT '' COMMENT '一级类目',
  `state` int NOT NULL DEFAULT '1' COMMENT '状态',
  `template_id` varchar(100) COLLATE utf8mb4_general_ci NOT NULL DEFAULT '' COMMENT '模板ID',
  `title` varchar(255) COLLATE utf8mb4_general_ci NOT NULL DEFAULT '' COMMENT '模板标题',
  `updated_at` datetime DEFAULT NULL COMMENT '最后更新时间',
  `keys` varchar(255) COLLATE utf8mb4_general_ci NOT NULL DEFAULT '' COMMENT '关键字',
  PRIMARY KEY (`id`) USING BTREE,
  UNIQUE KEY `template_id` (`template_id`) USING BTREE
) ENGINE=MyISAM AUTO_INCREMENT=26 DEFAULT CHARSET=utf8mb4 COLLATE=utf8mb4_general_ci;
CREATE TABLE `la_wechat_offiaccount_templatemessage` (
  `created_at` datetime DEFAULT NULL COMMENT '生成时间',
  `data` text COLLATE utf8mb4_general_ci COMMENT '消息数据',
  `desc` varchar(255) COLLATE utf8mb4_general_ci NOT NULL DEFAULT '' COMMENT '描述',
  `displayorder` int NOT NULL DEFAULT '0' COMMENT '排序值',
  `id` int NOT NULL AUTO_INCREMENT COMMENT 'id',
  `name` varchar(255) COLLATE utf8mb4_general_ci NOT NULL DEFAULT '' COMMENT '事件名称',
  `state` int NOT NULL DEFAULT '1' COMMENT '状态',
  `template_id` varchar(255) COLLATE utf8mb4_general_ci NOT NULL DEFAULT '' COMMENT '模板ID',
  `title` varchar(255) COLLATE utf8mb4_general_ci NOT NULL DEFAULT '' COMMENT '名称',
  `updated_at` datetime DEFAULT NULL COMMENT '最后更新时间',
  `app_id` varchar(255) COLLATE utf8mb4_general_ci NOT NULL DEFAULT '' COMMENT '小程序ID',
  `app_param` text COLLATE utf8mb4_general_ci COMMENT '小程序页面参数',
  `app_path` varchar(255) COLLATE utf8mb4_general_ci NOT NULL DEFAULT '' COMMENT '小程序路径',
  PRIMARY KEY (`id`) USING BTREE
) ENGINE=MyISAM AUTO_INCREMENT=4 DEFAULT CHARSET=utf8mb4 COLLATE=utf8mb4_general_ci;
2025-02-27
ALTER TABLE `la_web_menu`
 ADD COLUMN `category_default_first`  int(11) NOT NULL DEFAULT 1 COMMENT '默认首个分类';